2018-03-20 23:47:45
Full thread dump Java HotSpot(TM) 64-Bit Server VM (25.152-b16 mixed mode):

"Attach Listener" #81 daemon prio=9 os_prio=31 tid=0x00007ff2f48db800 nid=0x5d07 waiting on condition [0x0000000000000000]
   java.lang.Thread.State: RUNNABLE

"DestroyJavaVM" #63 prio=5 os_prio=31 tid=0x00007ff2f244d000 nid=0x1a03 waiting on condition [0x0000000000000000]
   java.lang.Thread.State: RUNNABLE

"http-nio-8080-AsyncTimeout" #61 daemon prio=5 os_prio=31 tid=0x00007ff2f589d000 nid=0x8d03 waiting on condition [0x000070000c115000]
   java.lang.Thread.State: TIMED_WAITING (sleeping)
	at java.lang.Thread.sleep(Native Method)
	at org.apache.coyote.AbstractProtocol$AsyncTimeout.run(AbstractProtocol.java:1133)
	at java.lang.Thread.run(Thread.java:748)

"http-nio-8080-Acceptor-0" #60 daemon prio=5 os_prio=31 tid=0x00007ff2f589c000 nid=0x8f03 runnable [0x000070000c012000]
   java.lang.Thread.State: RUNNABLE
	at sun.nio.ch.ServerSocketChannelImpl.accept0(Native Method)
	at sun.nio.ch.ServerSocketChannelImpl.accept(ServerSocketChannelImpl.java:422)
	at sun.nio.ch.ServerSocketChannelImpl.accept(ServerSocketChannelImpl.java:250)
	- locked <0x00000006c1d68680> (a java.lang.Object)
	at org.apache.tomcat.util.net.NioEndpoint$Acceptor.run(NioEndpoint.java:455)
	at java.lang.Thread.run(Thread.java:748)

"http-nio-8080-ClientPoller-1" #59 daemon prio=5 os_prio=31 tid=0x00007ff2f3869000 nid=0x7303 runnable [0x000070000bf0f000]
   java.lang.Thread.State: RUNNABLE
	at sun.nio.ch.KQueueArrayWrapper.kevent0(Native Method)
	at sun.nio.ch.KQueueArrayWrapper.poll(KQueueArrayWrapper.java:198)
	at sun.nio.ch.KQueueSelectorImpl.doSelect(KQueueSelectorImpl.java:117)
	at sun.nio.ch.SelectorImpl.lockAndDoSelect(SelectorImpl.java:86)
	- locked <0x00000006c1da47a0> (a sun.nio.ch.Util$3)
	- locked <0x00000006c1da4790> (a java.util.Collections$UnmodifiableSet)
	- locked <0x00000006c1da4540> (a sun.nio.ch.KQueueSelectorImpl)
	at sun.nio.ch.SelectorImpl.select(SelectorImpl.java:97)
	at org.apache.tomcat.util.net.NioEndpoint$Poller.run(NioEndpoint.java:793)
	at java.lang.Thread.run(Thread.java:748)

"http-nio-8080-ClientPoller-0" #58 daemon prio=5 os_prio=31 tid=0x00007ff2f3880000 nid=0x9003 runnable [0x000070000be0c000]
   java.lang.Thread.State: RUNNABLE
	at sun.nio.ch.KQueueArrayWrapper.kevent0(Native Method)
	at sun.nio.ch.KQueueArrayWrapper.poll(KQueueArrayWrapper.java:198)
	at sun.nio.ch.KQueueSelectorImpl.doSelect(KQueueSelectorImpl.java:117)
	at sun.nio.ch.SelectorImpl.lockAndDoSelect(SelectorImpl.java:86)
	- locked <0x00000006c198f160> (a sun.nio.ch.Util$3)
	- locked <0x00000006c198f150> (a java.util.Collections$UnmodifiableSet)
	- locked <0x00000006c198eee0> (a sun.nio.ch.KQueueSelectorImpl)
	at sun.nio.ch.SelectorImpl.select(SelectorImpl.java:97)
	at org.apache.tomcat.util.net.NioEndpoint$Poller.run(NioEndpoint.java:793)
	at java.lang.Thread.run(Thread.java:748)

"http-nio-8080-exec-10" #57 daemon prio=5 os_prio=31 tid=0x00007ff2f589b000 nid=0x9103 waiting on condition [0x000070000bd09000]
   java.lang.Thread.State: WAITING (parking)
	at sun.misc.Unsafe.park(Native Method)
	- parking to wait for  <0x00000006c19341c8> (a java.util.concurrent.locks.AbstractQueuedSynchronizer$ConditionObject)
	at java.util.concurrent.locks.LockSupport.park(LockSupport.java:175)
	at java.util.concurrent.locks.AbstractQueuedSynchronizer$ConditionObject.await(AbstractQueuedSynchronizer.java:2039)
	at java.util.concurrent.LinkedBlockingQueue.take(LinkedBlockingQueue.java:442)
	at org.apache.tomcat.util.threads.TaskQueue.take(TaskQueue.java:103)
	at org.apache.tomcat.util.threads.TaskQueue.take(TaskQueue.java:31)
	at java.util.concurrent.ThreadPoolExecutor.getTask(ThreadPoolExecutor.java:1074)
	at java.util.concurrent.ThreadPoolExecutor.runWorker(ThreadPoolExecutor.java:1134)
	at java.util.concurrent.ThreadPoolExecutor$Worker.run(ThreadPoolExecutor.java:624)
	at org.apache.tomcat.util.threads.TaskThread$WrappingRunnable.run(TaskThread.java:61)
	at java.lang.Thread.run(Thread.java:748)

"http-nio-8080-exec-9" #56 daemon prio=5 os_prio=31 tid=0x00007ff2f387f800 nid=0x6f03 waiting on condition [0x000070000bc06000]
   java.lang.Thread.State: WAITING (parking)
	at sun.misc.Unsafe.park(Native Method)
	- parking to wait for  <0x00000006c19341c8> (a java.util.concurrent.locks.AbstractQueuedSynchronizer$ConditionObject)
	at java.util.concurrent.locks.LockSupport.park(LockSupport.java:175)
	at java.util.concurrent.locks.AbstractQueuedSynchronizer$ConditionObject.await(AbstractQueuedSynchronizer.java:2039)
	at java.util.concurrent.LinkedBlockingQueue.take(LinkedBlockingQueue.java:442)
	at org.apache.tomcat.util.threads.TaskQueue.take(TaskQueue.java:103)
	at org.apache.tomcat.util.threads.TaskQueue.take(TaskQueue.java:31)
	at java.util.concurrent.ThreadPoolExecutor.getTask(ThreadPoolExecutor.java:1074)
	at java.util.concurrent.ThreadPoolExecutor.runWorker(ThreadPoolExecutor.java:1134)
	at java.util.concurrent.ThreadPoolExecutor$Worker.run(ThreadPoolExecutor.java:624)
	at org.apache.tomcat.util.threads.TaskThread$WrappingRunnable.run(TaskThread.java:61)
	at java.lang.Thread.run(Thread.java:748)

"http-nio-8080-exec-8" #55 daemon prio=5 os_prio=31 tid=0x00007ff2f589a000 nid=0x6e03 waiting on condition [0x000070000bb03000]
   java.lang.Thread.State: WAITING (parking)
	at sun.misc.Unsafe.park(Native Method)
	- parking to wait for  <0x00000006c19341c8> (a java.util.concurrent.locks.AbstractQueuedSynchronizer$ConditionObject)
	at java.util.concurrent.locks.LockSupport.park(LockSupport.java:175)
	at java.util.concurrent.locks.AbstractQueuedSynchronizer$ConditionObject.await(AbstractQueuedSynchronizer.java:2039)
	at java.util.concurrent.LinkedBlockingQueue.take(LinkedBlockingQueue.java:442)
	at org.apache.tomcat.util.threads.TaskQueue.take(TaskQueue.java:103)
	at org.apache.tomcat.util.threads.TaskQueue.take(TaskQueue.java:31)
	at java.util.concurrent.ThreadPoolExecutor.getTask(ThreadPoolExecutor.java:1074)
	at java.util.concurrent.ThreadPoolExecutor.runWorker(ThreadPoolExecutor.java:1134)
	at java.util.concurrent.ThreadPoolExecutor$Worker.run(ThreadPoolExecutor.java:624)
	at org.apache.tomcat.util.threads.TaskThread$WrappingRunnable.run(TaskThread.java:61)
	at java.lang.Thread.run(Thread.java:748)

"http-nio-8080-exec-7" #54 daemon prio=5 os_prio=31 tid=0x00007ff2f5899800 nid=0x6d03 waiting on condition [0x000070000ba00000]
   java.lang.Thread.State: WAITING (parking)
	at sun.misc.Unsafe.park(Native Method)
	- parking to wait for  <0x00000006c19341c8> (a java.util.concurrent.locks.AbstractQueuedSynchronizer$ConditionObject)
	at java.util.concurrent.locks.LockSupport.park(LockSupport.java:175)
	at java.util.concurrent.locks.AbstractQueuedSynchronizer$ConditionObject.await(AbstractQueuedSynchronizer.java:2039)
	at java.util.concurrent.LinkedBlockingQueue.take(LinkedBlockingQueue.java:442)
	at org.apache.tomcat.util.threads.TaskQueue.take(TaskQueue.java:103)
	at org.apache.tomcat.util.threads.TaskQueue.take(TaskQueue.java:31)
	at java.util.concurrent.ThreadPoolExecutor.getTask(ThreadPoolExecutor.java:1074)
	at java.util.concurrent.ThreadPoolExecutor.runWorker(ThreadPoolExecutor.java:1134)
	at java.util.concurrent.ThreadPoolExecutor$Worker.run(ThreadPoolExecutor.java:624)
	at org.apache.tomcat.util.threads.TaskThread$WrappingRunnable.run(TaskThread.java:61)
	at java.lang.Thread.run(Thread.java:748)

"http-nio-8080-exec-6" #53 daemon prio=5 os_prio=31 tid=0x00007ff2f5898800 nid=0x9503 waiting on condition [0x000070000b8fd000]
   java.lang.Thread.State: WAITING (parking)
	at sun.misc.Unsafe.park(Native Method)
	- parking to wait for  <0x00000006c19341c8> (a java.util.concurrent.locks.AbstractQueuedSynchronizer$ConditionObject)
	at java.util.concurrent.locks.LockSupport.park(LockSupport.java:175)
	at java.util.concurrent.locks.AbstractQueuedSynchronizer$ConditionObject.await(AbstractQueuedSynchronizer.java:2039)
	at java.util.concurrent.LinkedBlockingQueue.take(LinkedBlockingQueue.java:442)
	at org.apache.tomcat.util.threads.TaskQueue.take(TaskQueue.java:103)
	at org.apache.tomcat.util.threads.TaskQueue.take(TaskQueue.java:31)
	at java.util.concurrent.ThreadPoolExecutor.getTask(ThreadPoolExecutor.java:1074)
	at java.util.concurrent.ThreadPoolExecutor.runWorker(ThreadPoolExecutor.java:1134)
	at java.util.concurrent.ThreadPoolExecutor$Worker.run(ThreadPoolExecutor.java:624)
	at org.apache.tomcat.util.threads.TaskThread$WrappingRunnable.run(TaskThread.java:61)
	at java.lang.Thread.run(Thread.java:748)

"http-nio-8080-exec-5" #52 daemon prio=5 os_prio=31 tid=0x00007ff2f3884800 nid=0x9603 waiting on condition [0x000070000b7fa000]
   java.lang.Thread.State: WAITING (parking)
	at sun.misc.Unsafe.park(Native Method)
	- parking to wait for  <0x00000006c19341c8> (a java.util.concurrent.locks.AbstractQueuedSynchronizer$ConditionObject)
	at java.util.concurrent.locks.LockSupport.park(LockSupport.java:175)
	at java.util.concurrent.locks.AbstractQueuedSynchronizer$ConditionObject.await(AbstractQueuedSynchronizer.java:2039)
	at java.util.concurrent.LinkedBlockingQueue.take(LinkedBlockingQueue.java:442)
	at org.apache.tomcat.util.threads.TaskQueue.take(TaskQueue.java:103)
	at org.apache.tomcat.util.threads.TaskQueue.take(TaskQueue.java:31)
	at java.util.concurrent.ThreadPoolExecutor.getTask(ThreadPoolExecutor.java:1074)
	at java.util.concurrent.ThreadPoolExecutor.runWorker(ThreadPoolExecutor.java:1134)
	at java.util.concurrent.ThreadPoolExecutor$Worker.run(ThreadPoolExecutor.java:624)
	at org.apache.tomcat.util.threads.TaskThread$WrappingRunnable.run(TaskThread.java:61)
	at java.lang.Thread.run(Thread.java:748)

"http-nio-8080-exec-4" #51 daemon prio=5 os_prio=31 tid=0x00007ff2f48ad800 nid=0x9803 waiting on condition [0x000070000b6f7000]
   java.lang.Thread.State: WAITING (parking)
	at sun.misc.Unsafe.park(Native Method)
	- parking to wait for  <0x00000006c19341c8> (a java.util.concurrent.locks.AbstractQueuedSynchronizer$ConditionObject)
	at java.util.concurrent.locks.LockSupport.park(LockSupport.java:175)
	at java.util.concurrent.locks.AbstractQueuedSynchronizer$ConditionObject.await(AbstractQueuedSynchronizer.java:2039)
	at java.util.concurrent.LinkedBlockingQueue.take(LinkedBlockingQueue.java:442)
	at org.apache.tomcat.util.threads.TaskQueue.take(TaskQueue.java:103)
	at org.apache.tomcat.util.threads.TaskQueue.take(TaskQueue.java:31)
	at java.util.concurrent.ThreadPoolExecutor.getTask(ThreadPoolExecutor.java:1074)
	at java.util.concurrent.ThreadPoolExecutor.runWorker(ThreadPoolExecutor.java:1134)
	at java.util.concurrent.ThreadPoolExecutor$Worker.run(ThreadPoolExecutor.java:624)
	at org.apache.tomcat.util.threads.TaskThread$WrappingRunnable.run(TaskThread.java:61)
	at java.lang.Thread.run(Thread.java:748)

"http-nio-8080-exec-3" #50 daemon prio=5 os_prio=31 tid=0x00007ff2f24b3800 nid=0x9903 waiting on condition [0x000070000b5f4000]
   java.lang.Thread.State: WAITING (parking)
	at sun.misc.Unsafe.park(Native Method)
	- parking to wait for  <0x00000006c19341c8> (a java.util.concurrent.locks.AbstractQueuedSynchronizer$ConditionObject)
	at java.util.concurrent.locks.LockSupport.park(LockSupport.java:175)
	at java.util.concurrent.locks.AbstractQueuedSynchronizer$ConditionObject.await(AbstractQueuedSynchronizer.java:2039)
	at java.util.concurrent.LinkedBlockingQueue.take(LinkedBlockingQueue.java:442)
	at org.apache.tomcat.util.threads.TaskQueue.take(TaskQueue.java:103)
	at org.apache.tomcat.util.threads.TaskQueue.take(TaskQueue.java:31)
	at java.util.concurrent.ThreadPoolExecutor.getTask(ThreadPoolExecutor.java:1074)
	at java.util.concurrent.ThreadPoolExecutor.runWorker(ThreadPoolExecutor.java:1134)
	at java.util.concurrent.ThreadPoolExecutor$Worker.run(ThreadPoolExecutor.java:624)
	at org.apache.tomcat.util.threads.TaskThread$WrappingRunnable.run(TaskThread.java:61)
	at java.lang.Thread.run(Thread.java:748)

"http-nio-8080-exec-2" #49 daemon prio=5 os_prio=31 tid=0x00007ff2f2aeb000 nid=0x6a03 waiting on condition [0x000070000b4f1000]
   java.lang.Thread.State: WAITING (parking)
	at sun.misc.Unsafe.park(Native Method)
	- parking to wait for  <0x00000006c19341c8> (a java.util.concurrent.locks.AbstractQueuedSynchronizer$ConditionObject)
	at java.util.concurrent.locks.LockSupport.park(LockSupport.java:175)
	at java.util.concurrent.locks.AbstractQueuedSynchronizer$ConditionObject.await(AbstractQueuedSynchronizer.java:2039)
	at java.util.concurrent.LinkedBlockingQueue.take(LinkedBlockingQueue.java:442)
	at org.apache.tomcat.util.threads.TaskQueue.take(TaskQueue.java:103)
	at org.apache.tomcat.util.threads.TaskQueue.take(TaskQueue.java:31)
	at java.util.concurrent.ThreadPoolExecutor.getTask(ThreadPoolExecutor.java:1074)
	at java.util.concurrent.ThreadPoolExecutor.runWorker(ThreadPoolExecutor.java:1134)
	at java.util.concurrent.ThreadPoolExecutor$Worker.run(ThreadPoolExecutor.java:624)
	at org.apache.tomcat.util.threads.TaskThread$WrappingRunnable.run(TaskThread.java:61)
	at java.lang.Thread.run(Thread.java:748)

"http-nio-8080-exec-1" #48 daemon prio=5 os_prio=31 tid=0x00007ff2f2aea000 nid=0x6903 waiting on condition [0x000070000b3ee000]
   java.lang.Thread.State: WAITING (parking)
	at sun.misc.Unsafe.park(Native Method)
	- parking to wait for  <0x00000006c19341c8> (a java.util.concurrent.locks.AbstractQueuedSynchronizer$ConditionObject)
	at java.util.concurrent.locks.LockSupport.park(LockSupport.java:175)
	at java.util.concurrent.locks.AbstractQueuedSynchronizer$ConditionObject.await(AbstractQueuedSynchronizer.java:2039)
	at java.util.concurrent.LinkedBlockingQueue.take(LinkedBlockingQueue.java:442)
	at org.apache.tomcat.util.threads.TaskQueue.take(TaskQueue.java:103)
	at org.apache.tomcat.util.threads.TaskQueue.take(TaskQueue.java:31)
	at java.util.concurrent.ThreadPoolExecutor.getTask(ThreadPoolExecutor.java:1074)
	at java.util.concurrent.ThreadPoolExecutor.runWorker(ThreadPoolExecutor.java:1134)
	at java.util.concurrent.ThreadPoolExecutor$Worker.run(ThreadPoolExecutor.java:624)
	at org.apache.tomcat.util.threads.TaskThread$WrappingRunnable.run(TaskThread.java:61)
	at java.lang.Thread.run(Thread.java:748)

"NioBlockingSelector.BlockPoller-1" #47 daemon prio=5 os_prio=31 tid=0x00007ff2f2303800 nid=0x680f runnable [0x000070000b2eb000]
   java.lang.Thread.State: RUNNABLE
	at sun.nio.ch.KQueueArrayWrapper.kevent0(Native Method)
	at sun.nio.ch.KQueueArrayWrapper.poll(KQueueArrayWrapper.java:198)
	at sun.nio.ch.KQueueSelectorImpl.doSelect(KQueueSelectorImpl.java:117)
	at sun.nio.ch.SelectorImpl.lockAndDoSelect(SelectorImpl.java:86)
	- locked <0x00000006c208d9f0> (a sun.nio.ch.Util$3)
	- locked <0x00000006c208d9e0> (a java.util.Collections$UnmodifiableSet)
	- locked <0x00000006c208d8c0> (a sun.nio.ch.KQueueSelectorImpl)
	at sun.nio.ch.SelectorImpl.select(SelectorImpl.java:97)
	at org.apache.tomcat.util.net.NioBlockingSelector$BlockPoller.run(NioBlockingSelector.java:298)

"Live Reload Server" #46 daemon prio=5 os_prio=31 tid=0x00007ff2f248e800 nid=0xd0f runnable [0x000070000b1e8000]
   java.lang.Thread.State: RUNNABLE
	at java.net.PlainSocketImpl.socketAccept(Native Method)
	at java.net.AbstractPlainSocketImpl.accept(AbstractPlainSocketImpl.java:409)
	at java.net.ServerSocket.implAccept(ServerSocket.java:545)
	at java.net.ServerSocket.accept(ServerSocket.java:513)
	at org.springframework.boot.devtools.livereload.LiveReloadServer.acceptConnections(LiveReloadServer.java:157)
	at org.springframework.boot.devtools.livereload.LiveReloadServer.access$100(LiveReloadServer.java:45)
	at org.springframework.boot.devtools.livereload.LiveReloadServer$2.run(LiveReloadServer.java:126)
	at java.lang.Thread.run(Thread.java:748)

"File Watcher" #43 daemon prio=5 os_prio=31 tid=0x00007ff2f40a7800 nid=0xc13 waiting on condition [0x0000700008df9000]
   java.lang.Thread.State: TIMED_WAITING (sleeping)
	at java.lang.Thread.sleep(Native Method)
	at org.springframework.boot.devtools.filewatch.FileSystemWatcher$Watcher.scan(FileSystemWatcher.java:250)
	at org.springframework.boot.devtools.filewatch.FileSystemWatcher$Watcher.run(FileSystemWatcher.java:240)
	at java.lang.Thread.run(Thread.java:748)

"Abandoned connection cleanup thread" #36 daemon prio=5 os_prio=31 tid=0x00007ff2f2a31000 nid=0x6603 in Object.wait() [0x000070000b0e5000]
   java.lang.Thread.State: TIMED_WAITING (on object monitor)
	at java.lang.Object.wait(Native Method)
	at java.lang.ref.ReferenceQueue.remove(ReferenceQueue.java:143)
	- locked <0x00000006c10de568> (a java.lang.ref.ReferenceQueue$Lock)
	at com.mysql.jdbc.AbandonedConnectionCleanupThread.run(AbandonedConnectionCleanupThread.java:64)
	at java.util.concurrent.ThreadPoolExecutor.runWorker(ThreadPoolExecutor.java:1149)
	at java.util.concurrent.ThreadPoolExecutor$Worker.run(ThreadPoolExecutor.java:624)
	at java.lang.Thread.run(Thread.java:748)

"Tomcat JDBC Pool Cleaner[414493378:1521555619726]" #35 daemon prio=5 os_prio=31 tid=0x00007ff2f4406000 nid=0x9f03 in Object.wait() [0x000070000afe2000]
   java.lang.Thread.State: TIMED_WAITING (on object monitor)
	at java.lang.Object.wait(Native Method)
	at java.util.TimerThread.mainLoop(Timer.java:552)
	- locked <0x00000006c0e80830> (a java.util.TaskQueue)
	at java.util.TimerThread.run(Timer.java:505)

"container-0" #34 prio=5 os_prio=31 tid=0x00007ff2f5311000 nid=0x6503 waiting on condition [0x000070000aedf000]
   java.lang.Thread.State: TIMED_WAITING (sleeping)
	at java.lang.Thread.sleep(Native Method)
	at org.apache.catalina.core.StandardServer.await(StandardServer.java:427)
	at org.springframework.boot.context.embedded.tomcat.TomcatEmbeddedServletContainer$1.run(TomcatEmbeddedServletContainer.java:177)

"ContainerBackgroundProcessor[StandardEngine[Tomcat]]" #33 daemon prio=5 os_prio=31 tid=0x00007ff2f5310000 nid=0xa107 waiting on condition [0x000070000addc000]
   java.lang.Thread.State: TIMED_WAITING (sleeping)
	at java.lang.Thread.sleep(Native Method)
	at org.apache.catalina.core.ContainerBase$ContainerBackgroundProcessor.run(ContainerBase.java:1355)
	at java.lang.Thread.run(Thread.java:748)

"RMI Scheduler(0)" #16 daemon prio=5 os_prio=31 tid=0x00007ff2f4217800 nid=0x5b03 waiting on condition [0x000070000a7ca000]
   java.lang.Thread.State: WAITING (parking)
	at sun.misc.Unsafe.park(Native Method)
	- parking to wait for  <0x00000006c0035df0> (a java.util.concurrent.locks.AbstractQueuedSynchronizer$ConditionObject)
	at java.util.concurrent.locks.LockSupport.park(LockSupport.java:175)
	at java.util.concurrent.locks.AbstractQueuedSynchronizer$ConditionObject.await(AbstractQueuedSynchronizer.java:2039)
	at java.util.concurrent.ScheduledThreadPoolExecutor$DelayedWorkQueue.take(ScheduledThreadPoolExecutor.java:1081)
	at java.util.concurrent.ScheduledThreadPoolExecutor$DelayedWorkQueue.take(ScheduledThreadPoolExecutor.java:809)
	at java.util.concurrent.ThreadPoolExecutor.getTask(ThreadPoolExecutor.java:1074)
	at java.util.concurrent.ThreadPoolExecutor.runWorker(ThreadPoolExecutor.java:1134)
	at java.util.concurrent.ThreadPoolExecutor$Worker.run(ThreadPoolExecutor.java:624)
	at java.lang.Thread.run(Thread.java:748)

"RMI TCP Accept-0" #14 daemon prio=5 os_prio=31 tid=0x00007ff2f522f800 nid=0x5703 runnable [0x000070000a4c1000]
   java.lang.Thread.State: RUNNABLE
	at java.net.PlainSocketImpl.socketAccept(Native Method)
	at java.net.AbstractPlainSocketImpl.accept(AbstractPlainSocketImpl.java:409)
	at java.net.ServerSocket.implAccept(ServerSocket.java:545)
	at java.net.ServerSocket.accept(ServerSocket.java:513)
	at sun.management.jmxremote.LocalRMIServerSocketFactory$1.accept(LocalRMIServerSocketFactory.java:52)
	at sun.rmi.transport.tcp.TCPTransport$AcceptLoop.executeAcceptLoop(TCPTransport.java:400)
	at sun.rmi.transport.tcp.TCPTransport$AcceptLoop.run(TCPTransport.java:372)
	at java.lang.Thread.run(Thread.java:748)

"RMI TCP Accept-59319" #13 daemon prio=5 os_prio=31 tid=0x00007ff2f2247800 nid=0xa703 runnable [0x000070000a3be000]
   java.lang.Thread.State: RUNNABLE
	at java.net.PlainSocketImpl.socketAccept(Native Method)
	at java.net.AbstractPlainSocketImpl.accept(AbstractPlainSocketImpl.java:409)
	at java.net.ServerSocket.implAccept(ServerSocket.java:545)
	at java.net.ServerSocket.accept(ServerSocket.java:513)
	at sun.rmi.transport.tcp.TCPTransport$AcceptLoop.executeAcceptLoop(TCPTransport.java:400)
	at sun.rmi.transport.tcp.TCPTransport$AcceptLoop.run(TCPTransport.java:372)
	at java.lang.Thread.run(Thread.java:748)

"RMI TCP Accept-0" #12 daemon prio=5 os_prio=31 tid=0x00007ff2f28d1800 nid=0xa903 runnable [0x000070000a2bb000]
   java.lang.Thread.State: RUNNABLE
	at java.net.PlainSocketImpl.socketAccept(Native Method)
	at java.net.AbstractPlainSocketImpl.accept(AbstractPlainSocketImpl.java:409)
	at java.net.ServerSocket.implAccept(ServerSocket.java:545)
	at java.net.ServerSocket.accept(ServerSocket.java:513)
	at sun.rmi.transport.tcp.TCPTransport$AcceptLoop.executeAcceptLoop(TCPTransport.java:400)
	at sun.rmi.transport.tcp.TCPTransport$AcceptLoop.run(TCPTransport.java:372)
	at java.lang.Thread.run(Thread.java:748)

"Service Thread" #10 daemon prio=9 os_prio=31 tid=0x00007ff2f222c000 nid=0x3e03 runnable [0x0000000000000000]
   java.lang.Thread.State: RUNNABLE

"C1 CompilerThread3" #9 daemon prio=9 os_prio=31 tid=0x00007ff2f418f000 nid=0x3c03 waiting on condition [0x0000000000000000]
   java.lang.Thread.State: RUNNABLE

"C2 CompilerThread2" #8 daemon prio=9 os_prio=31 tid=0x00007ff2f418e000 nid=0x3b03 waiting on condition [0x0000000000000000]
   java.lang.Thread.State: RUNNABLE

"C2 CompilerThread1" #7 daemon prio=9 os_prio=31 tid=0x00007ff2f418d800 nid=0x3a03 waiting on condition [0x0000000000000000]
   java.lang.Thread.State: RUNNABLE

"C2 CompilerThread0" #6 daemon prio=9 os_prio=31 tid=0x00007ff2f50e2000 nid=0x3903 waiting on condition [0x0000000000000000]
   java.lang.Thread.State: RUNNABLE

"Monitor Ctrl-Break" #5 daemon prio=5 os_prio=31 tid=0x00007ff2f21ed800 nid=0x3703 runnable [0x0000700009ca9000]
   java.lang.Thread.State: RUNNABLE
	at java.net.SocketInputStream.socketRead0(Native Method)
	at java.net.SocketInputStream.socketRead(SocketInputStream.java:116)
	at java.net.SocketInputStream.read(SocketInputStream.java:171)
	at java.net.SocketInputStream.read(SocketInputStream.java:141)
	at sun.nio.cs.StreamDecoder.readBytes(StreamDecoder.java:284)
	at sun.nio.cs.StreamDecoder.implRead(StreamDecoder.java:326)
	at sun.nio.cs.StreamDecoder.read(StreamDecoder.java:178)
	- locked <0x00000006c0042410> (a java.io.InputStreamReader)
	at java.io.InputStreamReader.read(InputStreamReader.java:184)
	at java.io.BufferedReader.fill(BufferedReader.java:161)
	at java.io.BufferedReader.readLine(BufferedReader.java:324)
	- locked <0x00000006c0042410> (a java.io.InputStreamReader)
	at java.io.BufferedReader.readLine(BufferedReader.java:389)
	at com.intellij.rt.execution.application.AppMainV2$1.run(AppMainV2.java:64)

"Signal Dispatcher" #4 daemon prio=9 os_prio=31 tid=0x00007ff2f6000800 nid=0x430b runnable [0x0000000000000000]
   java.lang.Thread.State: RUNNABLE

"Finalizer" #3 daemon prio=8 os_prio=31 tid=0x00007ff2f2021000 nid=0x3303 in Object.wait() [0x0000700009aa3000]
   java.lang.Thread.State: WAITING (on object monitor)
	at java.lang.Object.wait(Native Method)
	at java.lang.ref.ReferenceQueue.remove(ReferenceQueue.java:143)
	- locked <0x00000006c002c618> (a java.lang.ref.ReferenceQueue$Lock)
	at java.lang.ref.ReferenceQueue.remove(ReferenceQueue.java:164)
	at java.lang.ref.Finalizer$FinalizerThread.run(Finalizer.java:209)

"Reference Handler" #2 daemon prio=10 os_prio=31 tid=0x00007ff2f2807800 nid=0x4e03 in Object.wait() [0x00007000099a0000]
   java.lang.Thread.State: WAITING (on object monitor)
	at java.lang.Object.wait(Native Method)
	- waiting on <0x00000006c0036ed0> (a java.lang.ref.Reference$Lock)
	at java.lang.Object.wait(Object.java:502)
	at java.lang.ref.Reference.tryHandlePending(Reference.java:191)
	- locked <0x00000006c0036ed0> (a java.lang.ref.Reference$Lock)
	at java.lang.ref.Reference$ReferenceHandler.run(Reference.java:153)

"VM Thread" os_prio=31 tid=0x00007ff2f4017000 nid=0x4f03 runnable 

"GC task thread#0 (ParallelGC)" os_prio=31 tid=0x00007ff2f2019800 nid=0x2207 runnable 

"GC task thread#1 (ParallelGC)" os_prio=31 tid=0x00007ff2f4809000 nid=0x2103 runnable 

"GC task thread#2 (ParallelGC)" os_prio=31 tid=0x00007ff2f4809800 nid=0x2b03 runnable 

"GC task thread#3 (ParallelGC)" os_prio=31 tid=0x00007ff2f201a000 nid=0x5403 runnable 

"GC task thread#4 (ParallelGC)" os_prio=31 tid=0x00007ff2f201a800 nid=0x2d03 runnable 

"GC task thread#5 (ParallelGC)" os_prio=31 tid=0x00007ff2f201b800 nid=0x5103 runnable 

"GC task thread#6 (ParallelGC)" os_prio=31 tid=0x00007ff2f201c000 nid=0x2f03 runnable 

"GC task thread#7 (ParallelGC)" os_prio=31 tid=0x00007ff2f201c800 nid=0x5003 runnable 

"VM Periodic Task Thread" os_prio=31 tid=0x00007ff2f51ba800 nid=0x5903 waiting on condition 

JNI global references: 358

